Started POST "/users" for ::1 at 2016-11-03 12:10:14 -0500
  
ActiveRecord::PendingMigrationError (

Migrations are pending. To resolve this issue, run:

	bin/rails db:migrate RAILS_ENV=development

):
  
activerecord (5.0.0.1) lib/active_record/migration.rb:572:in `check_pending!'
activerecord (5.0.0.1) lib/active_record/migration.rb:548:in `call'
actionpack (5.0.0.1) lib/action_dispatch/middleware/callbacks.rb:38:in `block in call'
activesupport (5.0.0.1) lib/active_support/callbacks.rb:97:in `__run_callbacks__'
activesupport (5.0.0.1) lib/active_support/callbacks.rb:750:in `_run_call_callbacks'
activesupport (5.0.0.1) lib/active_support/callbacks.rb:90:in `run_callbacks'
actionpack (5.0.0.1) lib/action_dispatch/middleware/callbacks.rb:36:in `call'
actionpack (5.0.0.1) lib/action_dispatch/middleware/executor.rb:12:in `call'
actionpack (5.0.0.1) lib/action_dispatch/middleware/remote_ip.rb:79:in `call'
actionpack (5.0.0.1) lib/action_dispatch/middleware/debug_exceptions.rb:49:in `call'
actionpack (5.0.0.1) lib/action_dispatch/middleware/show_exceptions.rb:31:in `call'
railties (5.0.0.1) lib/rails/rack/logger.rb:36:in `call_app'
railties (5.0.0.1) lib/rails/rack/logger.rb:24:in `block in call'
activesupport (5.0.0.1) lib/active_support/tagged_logging.rb:70:in `block in tagged'
activesupport (5.0.0.1) lib/active_support/tagged_logging.rb:26:in `tagged'
activesupport (5.0.0.1) lib/active_support/tagged_logging.rb:70:in `tagged'
railties (5.0.0.1) lib/rails/rack/logger.rb:24:in `call'
actionpack (5.0.0.1) lib/action_dispatch/middleware/request_id.rb:24:in `call'
rack (2.0.1) lib/rack/runtime.rb:22:in `call'
activesupport (5.0.0.1) lib/active_support/cache/strategy/local_cache_middleware.rb:28:in `call'
actionpack (5.0.0.1) lib/action_dispatch/middleware/executor.rb:12:in `call'
actionpack (5.0.0.1) lib/action_dispatch/middleware/static.rb:136:in `call'
rack (2.0.1) lib/rack/sendfile.rb:111:in `call'
rack-cors (0.4.0) lib/rack/cors.rb:80:in `call'
railties (5.0.0.1) lib/rails/engine.rb:522:in `call'
puma (3.6.0) lib/puma/configuration.rb:225:in `call'
puma (3.6.0) lib/puma/server.rb:578:in `handle_request'
puma (3.6.0) lib/puma/server.rb:415:in `process_client'
puma (3.6.0) lib/puma/server.rb:275:in `block in run'
puma (3.6.0) lib/puma/thread_pool.rb:116:in `block in spawn_thread'
  [1m[35m (323.1ms)[0m  [1m[35mCREATE TABLE "schema_migrations" ("version" character varying PRIMARY KEY)[0m
  [1m[35m (21.2ms)[0m  [1m[35mCREATE TABLE "ar_internal_metadata" ("key" character varying PRIMARY KEY, "value" character varying, "created_at" timestamp NOT NULL, "updated_at" timestamp NOT NULL)[0m
  [1m[35m (7.0ms)[0m  [1m[34mSELECT pg_try_advisory_lock(579700312965739875);[0m
  [1m[36mActiveRecord::SchemaMigration Load (0.7ms)[0m  [1m[34mSELECT "schema_migrations".* FROM "schema_migrations"[0m
Migrating to CreateUsers (20161102155756)
  [1m[35m (1.4ms)[0m  [1m[35mBEGIN[0m
  [1m[35m (97.8ms)[0m  [1m[35mCREATE TABLE "users" ("id" serial primary key, "username" character varying, "created_at" timestamp NOT NULL, "updated_at" timestamp NOT NULL)[0m
  [1m[35mSQL (1.7ms)[0m  [1m[32mINSERT INTO "schema_migrations" ("version") VALUES ($1) RETURNING "version"[0m  [["version", "20161102155756"]]
  [1m[35m (0.8ms)[0m  [1m[35mCOMMIT[0m
Migrating to CreateTrips (20161102160348)
  [1m[35m (0.9ms)[0m  [1m[35mBEGIN[0m
  [1m[35m (75.3ms)[0m  [1m[35mCREATE TABLE "trips" ("id" serial primary key, "location" character varying, "num_of_fish" integer, "clientsHappy" boolean, "end" timestamp, "rating" integer, "start" timestamp, "summary" text, "user_id" integer, "weather" character varying, "created_at" timestamp NOT NULL, "updated_at" timestamp NOT NULL, CONSTRAINT "fk_rails_6a33c9e4ea"
FOREIGN KEY ("user_id")
  REFERENCES "users" ("id")
)[0m
  [1m[35m (1.3ms)[0m  [1m[35mCREATE  INDEX  "index_trips_on_user_id" ON "trips"  ("user_id")[0m
  [1m[35mSQL (0.6ms)[0m  [1m[32mINSERT INTO "schema_migrations" ("version") VALUES ($1) RETURNING "version"[0m  [["version", "20161102160348"]]
  [1m[35m (0.7ms)[0m  [1m[35mCOMMIT[0m
Migrating to AddPasswordDigestToUsers (20161102191239)
  [1m[35m (0.3ms)[0m  [1m[35mBEGIN[0m
  [1m[35m (0.7ms)[0m  [1m[35mALTER TABLE "users" ADD "password_digest" character varying[0m
  [1m[35mSQL (0.3ms)[0m  [1m[32mINSERT INTO "schema_migrations" ("version") VALUES ($1) RETURNING "version"[0m  [["version", "20161102191239"]]
  [1m[35m (0.4ms)[0m  [1m[35mCOMMIT[0m
  [1m[36mActiveRecord::InternalMetadata Load (11.3ms)[0m  [1m[34mSELECT  "ar_internal_metadata".* FROM "ar_internal_metadata" WHERE "ar_internal_metadata"."key" = $1 LIMIT $2[0m  [["key", :environment], ["LIMIT", 1]]
  [1m[35m (0.2ms)[0m  [1m[35mBEGIN[0m
  [1m[35mSQL (15.6ms)[0m  [1m[32mINSERT INTO "ar_internal_metadata" ("key", "value", "created_at", "updated_at") VALUES ($1, $2, $3, $4) RETURNING "key"[0m  [["key", "environment"], ["value", "development"], ["created_at", 2016-11-03 17:10:51 UTC], ["updated_at", 2016-11-03 17:10:51 UTC]]
  [1m[35m (0.6ms)[0m  [1m[35mCOMMIT[0m
  [1m[35m (0.4ms)[0m  [1m[34mSELECT pg_advisory_unlock(579700312965739875)[0m
  [1m[36mActiveRecord::SchemaMigration Load (15.7ms)[0m  [1m[34mSELECT "schema_migrations".* FROM "schema_migrations"[0m
  [1m[35m (10.7ms)[0m  [1m[34mSELECT t2.oid::regclass::text AS to_table, a1.attname AS column, a2.attname AS primary_key, c.conname AS name, c.confupdtype AS on_update, c.confdeltype AS on_delete
FROM pg_constraint c
JOIN pg_class t1 ON c.conrelid = t1.oid
JOIN pg_class t2 ON c.confrelid = t2.oid
JOIN pg_attribute a1 ON a1.attnum = c.conkey[1] AND a1.attrelid = t1.oid
JOIN pg_attribute a2 ON a2.attnum = c.confkey[1] AND a2.attrelid = t2.oid
JOIN pg_namespace t3 ON c.connamespace = t3.oid
WHERE c.contype = 'f'
  AND t1.relname = 'trips'
  AND t3.nspname = ANY (current_schemas(false))
ORDER BY c.conname
[0m
  [1m[35m (4.1ms)[0m  [1m[34mSELECT t2.oid::regclass::text AS to_table, a1.attname AS column, a2.attname AS primary_key, c.conname AS name, c.confupdtype AS on_update, c.confdeltype AS on_delete
FROM pg_constraint c
JOIN pg_class t1 ON c.conrelid = t1.oid
JOIN pg_class t2 ON c.confrelid = t2.oid
JOIN pg_attribute a1 ON a1.attnum = c.conkey[1] AND a1.attrelid = t1.oid
JOIN pg_attribute a2 ON a2.attnum = c.confkey[1] AND a2.attrelid = t2.oid
JOIN pg_namespace t3 ON c.connamespace = t3.oid
WHERE c.contype = 'f'
  AND t1.relname = 'users'
  AND t3.nspname = ANY (current_schemas(false))
ORDER BY c.conname
[0m
Started POST "/users" for ::1 at 2016-11-03 12:12:02 -0500
  [1m[36mActiveRecord::SchemaMigration Load (28.4ms)[0m  [1m[34mSELECT "schema_migrations".* FROM "schema_migrations"[0m
Processing by UsersController#create as */*
  Parameters: {"username"=>"bob", "password"=>"[FILTERED]"}
Completed 400 Bad Request in 53ms (ActiveRecord: 0.0ms)


  
ActionController::ParameterMissing (param is missing or the value is empty: user):
  
app/controllers/users_controller.rb:41:in `user_params'
app/controllers/users_controller.rb:5:in `create'
Started POST "/users" for ::1 at 2016-11-03 12:12:58 -0500
Processing by UsersController#create as */*
  Parameters: {"{ \"user\": {\n\t\"username\": \"bob\",\n\t\"password\": \"a\"\n\t}\n}"=>"[FILTERED]"}
Completed 400 Bad Request in 0ms (ActiveRecord: 0.0ms)


  
ActionController::ParameterMissing (param is missing or the value is empty: user):
  
app/controllers/users_controller.rb:41:in `user_params'
app/controllers/users_controller.rb:5:in `create'
Started POST "/users" for ::1 at 2016-11-03 12:13:42 -0500
Processing by UsersController#create as */*
  Parameters: {"user"=>{"username"=>"bob", "password"=>"[FILTERED]"}}
  [1m[35m (0.2ms)[0m  [1m[35mBEGIN[0m
  [1m[36mUser Exists (28.3ms)[0m  [1m[34mSELECT  1 AS one FROM "users" WHERE "users"."username" = $1 LIMIT $2[0m  [["username", "bob"], ["LIMIT", 1]]
  [1m[35mSQL (0.9ms)[0m  [1m[32mINSERT INTO "users" ("username", "created_at", "updated_at", "password_digest") VALUES ($1, $2, $3, $4) RETURNING "id"[0m  [["username", "bob"], ["created_at", 2016-11-03 17:13:43 UTC], ["updated_at", 2016-11-03 17:13:43 UTC], ["password_digest", "$2a$10$RHXyGjBc8W82XPR3Q9QzfecjtXfHzZsrfOSHya5npPxe6peF6mJz2"]]
  [1m[35m (13.6ms)[0m  [1m[35mCOMMIT[0m
Completed 200 OK in 521ms (Views: 0.2ms | ActiveRecord: 63.0ms)


  [1m[36mUser Load (12.2ms)[0m  [1m[34mSELECT "users".* FROM "users"[0m
  [1m[36mTrip Load (16.6ms)[0m  [1m[34mSELECT "trips".* FROM "trips"[0m
  [1m[36mTrip Load (2.2ms)[0m  [1m[34mSELECT "trips".* FROM "trips"[0m
  [1m[35m (0.2ms)[0m  [1m[35mBEGIN[0m
  [1m[36mUser Load (0.6ms)[0m  [1m[34mSELECT  "users".* FROM "users" WHERE "users"."id" = $1 LIMIT $2[0m  [["id", 1], ["LIMIT", 1]]
  [1m[35mSQL (69.9ms)[0m  [1m[32mINSERT INTO "trips" ("num_of_fish", "clientsHappy", "end", "rating", "start", "summary", "user_id", "weather", "created_at", "updated_at") VALUES ($1, $2, $3, $4, $5, $6, $7, $8, $9, $10) RETURNING "id"[0m  [["num_of_fish", 18], ["clientsHappy", true], ["end", 2015-12-15 00:00:00 UTC], ["rating", 2], ["start", 2015-12-05 00:00:00 UTC], ["summary", "You can't overr"], ["user_id", 1], ["weather", "reiciendis nam vel"], ["created_at", 2016-11-03 17:27:19 UTC], ["updated_at", 2016-11-03 17:27:19 UTC]]
  [1m[35m (32.3ms)[0m  [1m[35mCOMMIT[0m
  [1m[35m (0.1ms)[0m  [1m[35mBEGIN[0m
  [1m[36mUser Load (0.3ms)[0m  [1m[34mSELECT  "users".* FROM "users" WHERE "users"."id" = $1 LIMIT $2[0m  [["id", 1], ["LIMIT", 1]]
  [1m[35mSQL (0.6ms)[0m  [1m[32mINSERT INTO "trips" ("num_of_fish", "clientsHappy", "end", "rating", "start", "summary", "user_id", "weather", "created_at", "updated_at") VALUES ($1, $2, $3, $4, $5, $6, $7, $8, $9, $10) RETURNING "id"[0m  [["num_of_fish", 22], ["clientsHappy", false], ["end", 2016-05-22 00:00:00 UTC], ["rating", 3], ["start", 2015-12-05 00:00:00 UTC], ["summary", "Try to overr"], ["user_id", 1], ["weather", "necessitatibus inc"], ["created_at", 2016-11-03 17:27:19 UTC], ["updated_at", 2016-11-03 17:27:19 UTC]]
  [1m[35m (0.6ms)[0m  [1m[35mCOMMIT[0m
  [1m[35m (0.1ms)[0m  [1m[35mBEGIN[0m
  [1m[36mUser Load (0.3ms)[0m  [1m[34mSELECT  "users".* FROM "users" WHERE "users"."id" = $1 LIMIT $2[0m  [["id", 1], ["LIMIT", 1]]
  [1m[35mSQL (0.9ms)[0m  [1m[32mINSERT INTO "trips" ("num_of_fish", "clientsHappy", "end", "rating", "start", "summary", "user_id", "weather", "created_at", "updated_at") VALUES ($1, $2, $3, $4, $5, $6, $7, $8, $9, $10) RETURNING "id"[0m  [["num_of_fish", 7], ["clientsHappy", true], ["end", 2016-02-22 00:00:00 UTC], ["rating", 3], ["start", 2015-12-05 00:00:00 UTC], ["summary", "Try to navigate the RSS matrix, maybe it will parse the online hard drive!"], ["user_id", 1], ["weather", "necessitatibus inc"], ["created_at", 2016-11-03 17:27:19 UTC], ["updated_at", 2016-11-03 17:27:19 UTC]]
  [1m[35m (0.6ms)[0m  [1m[35mCOMMIT[0m
  [1m[35m (0.1ms)[0m  [1m[35mBEGIN[0m
  [1m[36mUser Load (0.3ms)[0m  [1m[34mSELECT  "users".* FROM "users" WHERE "users"."id" = $1 LIMIT $2[0m  [["id", 1], ["LIMIT", 1]]
  [1m[35mSQL (0.6ms)[0m  [1m[32mINSERT INTO "trips" ("num_of_fish", "clientsHappy", "end", "rating", "start", "summary", "user_id", "weather", "created_at", "updated_at") VALUES ($1, $2, $3, $4, $5, $6, $7, $8, $9, $10) RETURNING "id"[0m  [["num_of_fish", 23], ["clientsHappy", false], ["end", 2016-09-03 00:00:00 UTC], ["rating", 5], ["start", 2015-12-05 00:00:00 UTC], ["summary", "We need to navigate the virtual FTP bandw"], ["user_id", 1], ["weather", "quas recusandae cumque"], ["created_at", 2016-11-03 17:27:19 UTC], ["updated_at", 2016-11-03 17:27:19 UTC]]
  [1m[35m (0.8ms)[0m  [1m[35mCOMMIT[0m
  [1m[35m (0.1ms)[0m  [1m[35mBEGIN[0m
  [1m[36mUser Load (0.3ms)[0m  [1m[34mSELECT  "users".* FROM "users" WHERE "users"."id" = $1 LIMIT $2[0m  [["id", 1], ["LIMIT", 1]]
  [1m[35mSQL (0.6ms)[0m  [1m[32mINSERT INTO "trips" ("num_of_fish", "clientsHappy", "end", "rating", "start", "summary", "user_id", "weather", "created_at", "updated_at") VALUES ($1, $2, $3, $4, $5, $6, $7, $8, $9, $10) RETURNING "id"[0m  [["num_of_fish", 13], ["clientsHappy", false], ["end", 2016-03-11 00:00:00 UTC], ["rating", 5], ["start", 2015-12-05 00:00:00 UTC], ["summary", "ll program the primary USB microchip, that should driver the ADP circuit!"], ["user_id", 1], ["weather", "ipsum voluptatem voluptatem"], ["created_at", 2016-11-03 17:27:19 UTC], ["updated_at", 2016-11-03 17:27:19 UTC]]
  [1m[35m (0.6ms)[0m  [1m[35mCOMMIT[0m
  [1m[35m (0.1ms)[0m  [1m[35mBEGIN[0m
  [1m[36mUser Load (0.3ms)[0m  [1m[34mSELECT  "users".* FROM "users" WHERE "users"."id" = $1 LIMIT $2[0m  [["id", 1], ["LIMIT", 1]]
  [1m[35mSQL (0.7ms)[0m  [1m[32mINSERT INTO "trips" ("num_of_fish", "clientsHappy", "end", "rating", "start", "summary", "user_id", "weather", "created_at", "updated_at") VALUES ($1, $2, $3, $4, $5, $6, $7, $8, $9, $10) RETURNING "id"[0m  [["num_of_fish", 15], ["clientsHappy", true], ["end", 2016-01-15 00:00:00 UTC], ["rating", 2], ["start", 2015-12-05 00:00:00 UTC], ["summary", "The EXE feed is down, back up the 1080p matrix so we can generate the FTP system!"], ["user_id", 1], ["weather", "eos error et"], ["created_at", 2016-11-03 17:27:19 UTC], ["updated_at", 2016-11-03 17:27:19 UTC]]
  [1m[35m (1.2ms)[0m  [1m[35mCOMMIT[0m
  [1m[35m (0.1ms)[0m  [1m[35mBEGIN[0m
  [1m[36mUser Load (0.4ms)[0m  [1m[34mSELECT  "users".* FROM "users" WHERE "users"."id" = $1 LIMIT $2[0m  [["id", 1], ["LIMIT", 1]]
  [1m[35mSQL (2.6ms)[0m  [1m[32mINSERT INTO "trips" ("num_of_fish", "clientsHappy", "end", "rating", "start", "summary", "user_id", "weather", "created_at", "updated_at") VALUES ($1, $2, $3, $4, $5, $6, $7, $8, $9, $10) RETURNING "id"[0m  [["num_of_fish", 5], ["clientsHappy", true], ["end", 2016-09-15 00:00:00 UTC], ["rating", 3], ["start", 2015-12-05 00:00:00 UTC], ["summary", "The COM firewall is down, navigate the back-end hard drive so we can program the SMTP panel!"], ["user_id", 1], ["weather", "doloremque illum quasi"], ["created_at", 2016-11-03 17:27:19 UTC], ["updated_at", 2016-11-03 17:27:19 UTC]]
  [1m[35m (1.3ms)[0m  [1m[35mCOMMIT[0m
  [1m[35m (0.1ms)[0m  [1m[35mBEGIN[0m
  [1m[36mUser Load (0.9ms)[0m  [1m[34mSELECT  "users".* FROM "users" WHERE "users"."id" = $1 LIMIT $2[0m  [["id", 1], ["LIMIT", 1]]
  [1m[35mSQL (0.5ms)[0m  [1m[32mINSERT INTO "trips" ("num_of_fish", "clientsHappy", "end", "rating", "start", "summary", "user_id", "weather", "created_at", "updated_at") VALUES ($1, $2, $3, $4, $5, $6, $7, $8, $9, $10) RETURNING "id"[0m  [["num_of_fish", 19], ["clientsHappy", true], ["end", 2016-09-25 00:00:00 UTC], ["rating", 4], ["start", 2015-12-05 00:00:00 UTC], ["summary", "Try to back up the JBOD pixel, maybe it will program the haptic sensor!"], ["user_id", 1], ["weather", "deserunt velit et"], ["created_at", 2016-11-03 17:27:19 UTC], ["updated_at", 2016-11-03 17:27:19 UTC]]
  [1m[35m (0.4ms)[0m  [1m[35mCOMMIT[0m
  [1m[35m (0.2ms)[0m  [1m[35mBEGIN[0m
  [1m[36mUser Load (0.3ms)[0m  [1m[34mSELECT  "users".* FROM "users" WHERE "users"."id" = $1 LIMIT $2[0m  [["id", 1], ["LIMIT", 1]]
  [1m[35mSQL (0.6ms)[0m  [1m[32mINSERT INTO "trips" ("num_of_fish", "clientsHappy", "end", "rating", "start", "summary", "user_id", "weather", "created_at", "updated_at") VALUES ($1, $2, $3, $4, $5, $6, $7, $8, $9, $10) RETURNING "id"[0m  [["num_of_fish", 18], ["clientsHappy", false], ["end", 2016-08-12 00:00:00 UTC], ["rating", 0], ["start", 2015-12-05 00:00:00 UTC], ["summary", "programming the protocol won\"t do anything, we need to hack the open-source SAS microchip!"], ["user_id", 1], ["weather", "facere sit voluptas"], ["created_at", 2016-11-03 17:27:19 UTC], ["updated_at", 2016-11-03 17:27:19 UTC]]
  [1m[35m (0.4ms)[0m  [1m[35mCOMMIT[0m
  [1m[35m (0.1ms)[0m  [1m[35mBEGIN[0m
  [1m[36mUser Load (0.2ms)[0m  [1m[34mSELECT  "users".* FROM "users" WHERE "users"."id" = $1 LIMIT $2[0m  [["id", 1], ["LIMIT", 1]]
  [1m[35mSQL (0.6ms)[0m  [1m[32mINSERT INTO "trips" ("num_of_fish", "clientsHappy", "end", "rating", "start", "summary", "user_id", "weather", "created_at", "updated_at") VALUES ($1, $2, $3, $4, $5, $6, $7, $8, $9, $10) RETURNING "id"[0m  [["num_of_fish", 11], ["clientsHappy", true], ["end", 2015-12-19 00:00:00 UTC], ["rating", 2], ["start", 2015-12-05 00:00:00 UTC], ["summary", "You can't overr"], ["user_id", 1], ["weather", "debitis quaerat doloribus"], ["created_at", 2016-11-03 17:27:19 UTC], ["updated_at", 2016-11-03 17:27:19 UTC]]
  [1m[35m (0.7ms)[0m  [1m[35mCOMMIT[0m
  [1m[36mTrip Load (1.2ms)[0m  [1m[34mSELECT "trips".* FROM "trips"[0m
